<?xml version="1.0" encoding="UTF-8"?>
<!-- Generated by org.testng.reporters.JUnitReportReporter -->
<testsuite hostname="DESKTOP-GKD2DOT" failures="0" tests="2" name="YarnTenantPortal.AutomationTestCases.visitorGroup" time="163.524" errors="0" timestamp="2024-10-13T13:17:30 EEST" skipped="0">
  <testcase classname="YarnTenantPortal.AutomationTestCases.visitorGroup" name="checkDefaultVisitorStatus" time="0.005"/>
  <testcase classname="YarnTenantPortal.AutomationTestCases.visitorGroup" name="chooseVisitorTabAndAddVisitor" time="163.519"/>
</testsuite> <!-- YarnTenantPortal.AutomationTestCases.visitorGroup -->
