<?xml version="1.0" encoding="UTF-8"?>
<!-- Generated by org.testng.reporters.JUnitReportReporter -->
<testsuite hostname="DESKTOP-GKD2DOT" failures="0" tests="2" name="YarnTenantPortal.AutomationTestCases.visitorMultipleEntriesGroupOfVisitorsWithVehicleSaudiNonSaudiNewVisitors" time="178.867" errors="0" timestamp="2024-12-03T00:01:04 EET" skipped="0">
  <testcase classname="YarnTenantPortal.AutomationTestCases.visitorMultipleEntriesGroupOfVisitorsWithVehicleSaudiNonSaudiNewVisitors" name="chooseVisitorTabAndAddVisitor" time="178.865"/>
  <testcase classname="YarnTenantPortal.AutomationTestCases.visitorMultipleEntriesGroupOfVisitorsWithVehicleSaudiNonSaudiNewVisitors" name="checkDefaultVisitorStatus" time="0.002"/>
</testsuite> <!-- YarnTenantPortal.AutomationTestCases.visitorMultipleEntriesGroupOfVisitorsWithVehicleSaudiNonSaudiNewVisitors -->
