<?xml version="1.0" encoding="UTF-8"?>
<!-- Generated by org.testng.reporters.JUnitReportReporter -->
<testsuite hostname="DESKTOP-GKD2DOT" failures="0" tests="2" name="YarnTenantPortal.AutomationTestCases.subscribeToService" time="61.146" errors="0" timestamp="2024-12-29T21:56:20 EET" skipped="0">
  <testcase classname="YarnTenantPortal.AutomationTestCases.subscribeToService" name="chooseServicesSearch" time="16.889"/>
  <testcase classname="YarnTenantPortal.AutomationTestCases.subscribeToService" name="chooseServicesSearchAndSubscribe" time="44.257"/>
</testsuite> <!-- YarnTenantPortal.AutomationTestCases.subscribeToService -->
