<?xml version="1.0" encoding="UTF-8"?>
<!-- Generated by org.testng.reporters.JUnitReportReporter -->
<testsuite hostname="DESKTOP-GKD2DOT" failures="0" tests="2" name="YarnTenantPortal.AutomationTestCases.visitorMultipleEntriesOneVisitorWithoutVehicleExistingValidVisitorResubmit" time="102.529" errors="0" timestamp="2025-01-01T09:12:59 EET" skipped="0">
  <testcase classname="YarnTenantPortal.AutomationTestCases.visitorMultipleEntriesOneVisitorWithoutVehicleExistingValidVisitorResubmit" name="chooseVisitorTabAndAddVisitor" time="102.504"/>
  <testcase classname="YarnTenantPortal.AutomationTestCases.visitorMultipleEntriesOneVisitorWithoutVehicleExistingValidVisitorResubmit" name="checkAlertForMaxNumberOfVisitors" time="0.025"/>
</testsuite> <!-- YarnTenantPortal.AutomationTestCases.visitorMultipleEntriesOneVisitorWithoutVehicleExistingValidVisitorResubmit -->
