<?xml version="1.0" encoding="UTF-8"?>
<!-- Generated by org.testng.reporters.JUnitReportReporter -->
<testsuite hostname="DESKTOP-GKD2DOT" failures="0" tests="3" name="YarnTenantPortal.AutomationTestCases.visitorWithVehicle" time="94.121" errors="0" timestamp="2024-09-19T11:09:12 EEST" skipped="0">
  <testcase classname="YarnTenantPortal.AutomationTestCases.visitorWithVehicle" name="testOpenTenantPortal" time="3.197"/>
  <testcase classname="YarnTenantPortal.AutomationTestCases.visitorWithVehicle" name="enterCorrectCredentials" time="27.104"/>
  <testcase classname="YarnTenantPortal.AutomationTestCases.visitorWithVehicle" name="chooseVisitorTabAndAddVisitor" time="63.820"/>
</testsuite> <!-- YarnTenantPortal.AutomationTestCases.visitorWithVehicle -->
