<?xml version="1.0" encoding="UTF-8"?>
<!-- Generated by org.testng.reporters.JUnitReportReporter -->
<testsuite hostname="DESKTOP-GKD2DOT" failures="0" tests="3" name="YarnTenantPortal.AutomationTestCases.visitorOneTimeOneVisitorWithVehicleSaudiBlockedVisitor" time="105.081" errors="0" timestamp="2024-12-02T19:27:56 EET" skipped="0">
  <testcase classname="YarnTenantPortal.AutomationTestCases.visitorOneTimeOneVisitorWithVehicleSaudiBlockedVisitor" name="chooseVisitorTabAndAddVisitor" time="104.977"/>
  <testcase classname="YarnTenantPortal.AutomationTestCases.visitorOneTimeOneVisitorWithVehicleSaudiBlockedVisitor" name="checkAlertForMaxNumberOfVisitors" time="0.066"/>
  <testcase classname="YarnTenantPortal.AutomationTestCases.visitorOneTimeOneVisitorWithVehicleSaudiBlockedVisitor" name="checkDefaultVisitorStatus" time="0.038"/>
</testsuite> <!-- YarnTenantPortal.AutomationTestCases.visitorOneTimeOneVisitorWithVehicleSaudiBlockedVisitor -->
