<?xml version="1.0" encoding="UTF-8"?>
<!-- Generated by org.testng.reporters.JUnitReportReporter -->
<testsuite hostname="DESKTOP-GKD2DOT" failures="0" tests="3" name="YarnTenantPortal.AutomationTestCases.contactUsTenantPortal" time="28.407" errors="0" timestamp="2024-09-24T15:14:28 EEST" skipped="0">
  <testcase classname="YarnTenantPortal.AutomationTestCases.contactUsTenantPortal" name="testOpenTenantPortal" time="2.151"/>
  <testcase classname="YarnTenantPortal.AutomationTestCases.contactUsTenantPortal" name="enterDataInContactUsForm" time="18.719"/>
  <testcase classname="YarnTenantPortal.AutomationTestCases.contactUsTenantPortal" name="testRedirectToContactUsPage" time="7.537"/>
</testsuite> <!-- YarnTenantPortal.AutomationTestCases.contactUsTenantPortal -->
