<?xml version="1.0" encoding="UTF-8"?>
<!-- Generated by org.testng.reporters.JUnitReportReporter -->
<testsuite hostname="DESKTOP-GKD2DOT" failures="0" tests="1" name="YarnTenantPortal.AutomationTestCases.AppTest" time="0.000" errors="0" timestamp="2024-08-20T08:49:40 EEST" skipped="1">
  <testcase classname="YarnTenantPortal.AutomationTestCases.AppTest" name="shouldAnswerWithTrue" time="0.000">
    <skipped/>
  </testcase> <!-- shouldAnswerWithTrue -->
</testsuite> <!-- YarnTenantPortal.AutomationTestCases.AppTest -->
