<?xml version="1.0" encoding="UTF-8"?>
<!-- Generated by org.testng.reporters.JUnitReportReporter -->
<testsuite hostname="DESKTOP-GKD2DOT" failures="0" tests="2" name="YarnTenantPortal.AutomationTestCases.requestSubmission" time="114.554" errors="0" timestamp="2024-11-30T18:19:37 EET" skipped="0">
  <testcase classname="YarnTenantPortal.AutomationTestCases.requestSubmission" name="chooseSubscriptions" time="21.080"/>
  <testcase classname="YarnTenantPortal.AutomationTestCases.requestSubmission" name="chooseServiceToSubmitRequest" time="93.474"/>
</testsuite> <!-- YarnTenantPortal.AutomationTestCases.requestSubmission -->
