<?xml version="1.0" encoding="UTF-8"?>
<!-- Generated by org.testng.reporters.JUnitReportReporter -->
<testsuite hostname="DESKTOP-GKD2DOT" failures="0" tests="3" name="YarnTenantPortal.AutomationTestCases.visitorOneTimeOneVisitorWithoutVehicleNewVisitor" time="83.520" errors="0" timestamp="2025-01-01T08:37:16 EET" skipped="0">
  <testcase classname="YarnTenantPortal.AutomationTestCases.visitorOneTimeOneVisitorWithoutVehicleNewVisitor" name="chooseVisitorTabAndAddVisitor" time="83.169"/>
  <testcase classname="YarnTenantPortal.AutomationTestCases.visitorOneTimeOneVisitorWithoutVehicleNewVisitor" name="checkAlertForMaxNumberOfVisitors" time="0.044"/>
  <testcase classname="YarnTenantPortal.AutomationTestCases.visitorOneTimeOneVisitorWithoutVehicleNewVisitor" name="checkDefaultVisitorStatus" time="0.307"/>
</testsuite> <!-- YarnTenantPortal.AutomationTestCases.visitorOneTimeOneVisitorWithoutVehicleNewVisitor -->
