<?xml version="1.0" encoding="UTF-8"?>
<!-- Generated by org.testng.reporters.JUnitReportReporter -->
<testsuite hostname="DESKTOP-GKD2DOT" failures="0" tests="2" name="YarnTenantPortal.AutomationTestCases.visitorMultipleEntriesGroupOfVisitorsWithVehicleSaudiNonSaudiOneVisitorBlocked" time="82.409" errors="0" timestamp="2025-01-01T10:00:57 EET" skipped="0">
  <testcase classname="YarnTenantPortal.AutomationTestCases.visitorMultipleEntriesGroupOfVisitorsWithVehicleSaudiNonSaudiOneVisitorBlocked" name="chooseVisitorTabAndAddVisitor" time="82.407"/>
  <testcase classname="YarnTenantPortal.AutomationTestCases.visitorMultipleEntriesGroupOfVisitorsWithVehicleSaudiNonSaudiOneVisitorBlocked" name="checkDefaultVisitorStatus" time="0.002"/>
</testsuite> <!-- YarnTenantPortal.AutomationTestCases.visitorMultipleEntriesGroupOfVisitorsWithVehicleSaudiNonSaudiOneVisitorBlocked -->
