<?xml version="1.0" encoding="UTF-8"?>
<!-- Generated by org.testng.reporters.JUnitReportReporter -->
<testsuite hostname="DESKTOP-GKD2DOT" failures="0" tests="2" name="YarnTenantPortal.AutomationTestCases.submitRequest" time="28.070" errors="0" timestamp="2024-12-29T21:46:06 EET" skipped="0">
  <testcase classname="YarnTenantPortal.AutomationTestCases.submitRequest" name="checkNewRequestAdded" time="12.359"/>
  <testcase classname="YarnTenantPortal.AutomationTestCases.submitRequest" name="chooseServicesSearchAndSubmitRequest" time="15.711"/>
</testsuite> <!-- YarnTenantPortal.AutomationTestCases.submitRequest -->
