<?xml version="1.0" encoding="UTF-8"?>
<!-- Generated by org.testng.reporters.JUnitReportReporter -->
<testsuite hostname="DESKTOP-GKD2DOT" failures="0" tests="3" name="YarnTenantPortal.AutomationTestCases.visitorOneTimeOneVisitorWithVehicleSaudiBlockedVisitor" time="84.129" errors="0" timestamp="2025-01-01T08:41:27 EET" skipped="0">
  <testcase classname="YarnTenantPortal.AutomationTestCases.visitorOneTimeOneVisitorWithVehicleSaudiBlockedVisitor" name="chooseVisitorTabAndAddVisitor" time="82.781"/>
  <testcase classname="YarnTenantPortal.AutomationTestCases.visitorOneTimeOneVisitorWithVehicleSaudiBlockedVisitor" name="checkAlertForMaxNumberOfVisitors" time="0.030"/>
  <testcase classname="YarnTenantPortal.AutomationTestCases.visitorOneTimeOneVisitorWithVehicleSaudiBlockedVisitor" name="checkDefaultVisitorStatus" time="1.318"/>
</testsuite> <!-- YarnTenantPortal.AutomationTestCases.visitorOneTimeOneVisitorWithVehicleSaudiBlockedVisitor -->
