<?xml version="1.0" encoding="UTF-8"?>
<!-- Generated by org.testng.reporters.JUnitReportReporter -->
<testsuite hostname="DESKTOP-GKD2DOT" failures="0" tests="3" name="YarnTenantPortal.AutomationTestCases.contactUsTenantPortal" time="11.311" errors="0" timestamp="2024-12-29T21:41:57 EET" skipped="0">
  <testcase classname="YarnTenantPortal.AutomationTestCases.contactUsTenantPortal" name="checkContactUsHistory" time="0.825"/>
  <testcase classname="YarnTenantPortal.AutomationTestCases.contactUsTenantPortal" name="testRedirectToContactUsPage" time="1.140"/>
  <testcase classname="YarnTenantPortal.AutomationTestCases.contactUsTenantPortal" name="enterDataInContactUsForm" time="9.346"/>
</testsuite> <!-- YarnTenantPortal.AutomationTestCases.contactUsTenantPortal -->
