<?xml version="1.0" encoding="UTF-8"?>
<!-- Generated by org.testng.reporters.JUnitReportReporter -->
<testsuite hostname="DESKTOP-GKD2DOT" failures="0" tests="12" name="YarnTenantPortal.AutomationTestCases.tenantPortalAuthenticationAndPagesNavigation" time="8.732" errors="0" timestamp="2024-09-19T13:05:11 EEST" skipped="0">
  <testcase classname="YarnTenantPortal.AutomationTestCases.tenantPortalAuthenticationAndPagesNavigation" name="checkContactUsPage" time="0.072"/>
  <testcase classname="YarnTenantPortal.AutomationTestCases.tenantPortalAuthenticationAndPagesNavigation" name="checkMyPetsPageOpen" time="0.069"/>
  <testcase classname="YarnTenantPortal.AutomationTestCases.tenantPortalAuthenticationAndPagesNavigation" name="checkMyVisitorsPageOpen" time="0.121"/>
  <testcase classname="YarnTenantPortal.AutomationTestCases.tenantPortalAuthenticationAndPagesNavigation" name="testOpenTenantPortal" time="1.347"/>
  <testcase classname="YarnTenantPortal.AutomationTestCases.tenantPortalAuthenticationAndPagesNavigation" name="checkMyViolationsPageOpen" time="0.073"/>
  <testcase classname="YarnTenantPortal.AutomationTestCases.tenantPortalAuthenticationAndPagesNavigation" name="checkServicesPageOpen" time="0.108"/>
  <testcase classname="YarnTenantPortal.AutomationTestCases.tenantPortalAuthenticationAndPagesNavigation" name="checkMyDocumentsPageOpen" time="0.062"/>
  <testcase classname="YarnTenantPortal.AutomationTestCases.tenantPortalAuthenticationAndPagesNavigation" name="checkMyInvoicesPageOpen" time="0.050"/>
  <testcase classname="YarnTenantPortal.AutomationTestCases.tenantPortalAuthenticationAndPagesNavigation" name="enterCorrectCredentials" time="6.618"/>
  <testcase classname="YarnTenantPortal.AutomationTestCases.tenantPortalAuthenticationAndPagesNavigation" name="checkMyDependentsPageOpen" time="0.066"/>
  <testcase classname="YarnTenantPortal.AutomationTestCases.tenantPortalAuthenticationAndPagesNavigation" name="checkMyVehiclesPageOpen" time="0.070"/>
  <testcase classname="YarnTenantPortal.AutomationTestCases.tenantPortalAuthenticationAndPagesNavigation" name="checkMyRequestsPageOpen" time="0.076"/>
</testsuite> <!-- YarnTenantPortal.AutomationTestCases.tenantPortalAuthenticationAndPagesNavigation -->
