<?xml version="1.0" encoding="UTF-8"?>
<!-- Generated by org.testng.reporters.JUnitReportReporter -->
<testsuite hostname="DESKTOP-GKD2DOT" failures="0" tests="2" name="YarnTenantPortal.AutomationTestCases.subscribeToService" time="58.100" errors="0" timestamp="2024-11-30T18:14:49 EET" skipped="0">
  <testcase classname="YarnTenantPortal.AutomationTestCases.subscribeToService" name="chooseServicesSearchAndSubscribe" time="41.225"/>
  <testcase classname="YarnTenantPortal.AutomationTestCases.subscribeToService" name="chooseServicesSearch" time="16.875"/>
</testsuite> <!-- YarnTenantPortal.AutomationTestCases.subscribeToService -->
