<?xml version="1.0" encoding="UTF-8"?>
<!-- Generated by org.testng.reporters.JUnitReportReporter -->
<testsuite hostname="DESKTOP-GKD2DOT" failures="0" tests="3" name="YarnTenantPortal.AutomationTestCases.visitorOneTimeOneVisitorWithoutVehicleNewVisitor" time="79.076" errors="0" timestamp="2024-10-16T09:04:14 EEST" skipped="0">
  <testcase classname="YarnTenantPortal.AutomationTestCases.visitorOneTimeOneVisitorWithoutVehicleNewVisitor" name="chooseVisitorTabAndAddVisitor" time="78.250"/>
  <testcase classname="YarnTenantPortal.AutomationTestCases.visitorOneTimeOneVisitorWithoutVehicleNewVisitor" name="checkAlertForMaxNumberOfVisitors" time="0.029"/>
  <testcase classname="YarnTenantPortal.AutomationTestCases.visitorOneTimeOneVisitorWithoutVehicleNewVisitor" name="checkDefaultVisitorStatus" time="0.797"/>
</testsuite> <!-- YarnTenantPortal.AutomationTestCases.visitorOneTimeOneVisitorWithoutVehicleNewVisitor -->
