<?xml version="1.0" encoding="UTF-8"?>
<!-- Generated by org.testng.reporters.JUnitReportReporter -->
<testsuite hostname="DESKTOP-GKD2DOT" failures="0" tests="3" name="YarnTenantPortal.AutomationTestCases.contactUsTenantPortal" time="27.813" errors="0" timestamp="2024-09-19T13:17:00 EEST" skipped="0">
  <testcase classname="YarnTenantPortal.AutomationTestCases.contactUsTenantPortal" name="testOpenTenantPortal" time="2.812"/>
  <testcase classname="YarnTenantPortal.AutomationTestCases.contactUsTenantPortal" name="enterDataInContactUsForm" time="18.572"/>
  <testcase classname="YarnTenantPortal.AutomationTestCases.contactUsTenantPortal" name="testRedirectToContactUsPage" time="6.429"/>
</testsuite> <!-- YarnTenantPortal.AutomationTestCases.contactUsTenantPortal -->
