<?xml version="1.0" encoding="UTF-8"?>
<!-- Generated by org.testng.reporters.JUnitReportReporter -->
<testsuite hostname="DESKTOP-GKD2DOT" failures="0" tests="3" name="YarnTenantPortal.AutomationTestCases.editPassword" time="67.252" errors="0" timestamp="2024-12-02T16:45:56 EET" skipped="0">
  <testcase classname="YarnTenantPortal.AutomationTestCases.editPassword" name="editProfilePassword" time="31.928"/>
  <testcase classname="YarnTenantPortal.AutomationTestCases.editPassword" name="editProfileUsername" time="14.972"/>
  <testcase classname="YarnTenantPortal.AutomationTestCases.editPassword" name="loginWithNewPassword" time="20.352"/>
</testsuite> <!-- YarnTenantPortal.AutomationTestCases.editPassword -->
