<?xml version="1.0" encoding="UTF-8"?>
<!-- Generated by org.testng.reporters.JUnitReportReporter -->
<testsuite hostname="DESKTOP-GKD2DOT" failures="0" tests="10" name="YarnTenantPortal.AutomationTestCases.loginAndNavigation" time="2.851" errors="0" timestamp="2024-09-30T23:35:37 EEST" skipped="0">
  <testcase classname="YarnTenantPortal.AutomationTestCases.loginAndNavigation" name="checkMyViolationsPageOpen" time="0.272"/>
  <testcase classname="YarnTenantPortal.AutomationTestCases.loginAndNavigation" name="checkMyVehiclesPageOpen" time="0.294"/>
  <testcase classname="YarnTenantPortal.AutomationTestCases.loginAndNavigation" name="checkMyInvoicesPageOpen" time="0.282"/>
  <testcase classname="YarnTenantPortal.AutomationTestCases.loginAndNavigation" name="checkMyDependentsPageOpen" time="0.304"/>
  <testcase classname="YarnTenantPortal.AutomationTestCases.loginAndNavigation" name="checkServicesPageOpen" time="0.261"/>
  <testcase classname="YarnTenantPortal.AutomationTestCases.loginAndNavigation" name="checkMyDocumentsPageOpen" time="0.297"/>
  <testcase classname="YarnTenantPortal.AutomationTestCases.loginAndNavigation" name="checkMyVisitorsPageOpen" time="0.283"/>
  <testcase classname="YarnTenantPortal.AutomationTestCases.loginAndNavigation" name="checkMyPetsPageOpen" time="0.281"/>
  <testcase classname="YarnTenantPortal.AutomationTestCases.loginAndNavigation" name="checkContactUsPage" time="0.315"/>
  <testcase classname="YarnTenantPortal.AutomationTestCases.loginAndNavigation" name="checkMyRequestsPageOpen" time="0.262"/>
</testsuite> <!-- YarnTenantPortal.AutomationTestCases.loginAndNavigation -->
