<?xml version="1.0" encoding="UTF-8"?>
<!-- Generated by org.testng.reporters.JUnitReportReporter -->
<testsuite hostname="DESKTOP-GKD2DOT" failures="0" tests="3" name="YarnTenantPortal.AutomationTestCases.visitorMulipleEntriesOneVisitorWithoutVehicleExisitingValidVisitorWithoutResubmission" time="93.750" errors="0" timestamp="2024-12-02T20:01:34 EET" skipped="0">
  <testcase classname="YarnTenantPortal.AutomationTestCases.visitorMulipleEntriesOneVisitorWithoutVehicleExisitingValidVisitorWithoutResubmission" name="chooseVisitorTabAndAddVisitor" time="93.348"/>
  <testcase classname="YarnTenantPortal.AutomationTestCases.visitorMulipleEntriesOneVisitorWithoutVehicleExisitingValidVisitorWithoutResubmission" name="checkAlertForMaxNumberOfVisitors" time="0.039"/>
  <testcase classname="YarnTenantPortal.AutomationTestCases.visitorMulipleEntriesOneVisitorWithoutVehicleExisitingValidVisitorWithoutResubmission" name="checkDefaultVisitorStatus" time="0.363"/>
</testsuite> <!-- YarnTenantPortal.AutomationTestCases.visitorMulipleEntriesOneVisitorWithoutVehicleExisitingValidVisitorWithoutResubmission -->
