<?xml version="1.0" encoding="UTF-8"?>
<!-- Generated by org.testng.reporters.JUnitReportReporter -->
<testsuite hostname="DESKTOP-GKD2DOT" failures="0" tests="10" name="YarnTenantPortal.AutomationTestCases.loginAndNavigation" time="3.732" errors="0" timestamp="2024-11-30T16:30:35 EET" skipped="0">
  <testcase classname="YarnTenantPortal.AutomationTestCases.loginAndNavigation" name="checkMyDocumentsPageOpen" time="0.335"/>
  <testcase classname="YarnTenantPortal.AutomationTestCases.loginAndNavigation" name="checkMyPetsPageOpen" time="0.356"/>
  <testcase classname="YarnTenantPortal.AutomationTestCases.loginAndNavigation" name="checkMyRequestsPageOpen" time="0.302"/>
  <testcase classname="YarnTenantPortal.AutomationTestCases.loginAndNavigation" name="checkServicesPageOpen" time="0.668"/>
  <testcase classname="YarnTenantPortal.AutomationTestCases.loginAndNavigation" name="checkMyVisitorsPageOpen" time="0.345"/>
  <testcase classname="YarnTenantPortal.AutomationTestCases.loginAndNavigation" name="checkMyInvoicesPageOpen" time="0.357"/>
  <testcase classname="YarnTenantPortal.AutomationTestCases.loginAndNavigation" name="checkMyVehiclesPageOpen" time="0.379"/>
  <testcase classname="YarnTenantPortal.AutomationTestCases.loginAndNavigation" name="checkMyViolationsPageOpen" time="0.331"/>
  <testcase classname="YarnTenantPortal.AutomationTestCases.loginAndNavigation" name="checkContactUsPage" time="0.320"/>
  <testcase classname="YarnTenantPortal.AutomationTestCases.loginAndNavigation" name="checkMyDependentsPageOpen" time="0.339"/>
</testsuite> <!-- YarnTenantPortal.AutomationTestCases.loginAndNavigation -->
