<?xml version="1.0" encoding="UTF-8"?>
<!-- Generated by org.testng.reporters.JUnitReportReporter -->
<testsuite hostname="DESKTOP-GKD2DOT" failures="0" tests="2" name="YarnTenantPortal.AutomationTestCases.visitorMultipleEntriesOneVisitorWithoutVehicleExistingValidVisitorResubmit" time="98.606" errors="0" timestamp="2024-11-10T09:22:01 EET" skipped="0">
  <testcase classname="YarnTenantPortal.AutomationTestCases.visitorMultipleEntriesOneVisitorWithoutVehicleExistingValidVisitorResubmit" name="chooseVisitorTabAndAddVisitor" time="98.558"/>
  <testcase classname="YarnTenantPortal.AutomationTestCases.visitorMultipleEntriesOneVisitorWithoutVehicleExistingValidVisitorResubmit" name="checkAlertForMaxNumberOfVisitors" time="0.048"/>
</testsuite> <!-- YarnTenantPortal.AutomationTestCases.visitorMultipleEntriesOneVisitorWithoutVehicleExistingValidVisitorResubmit -->
