<?xml version="1.0" encoding="UTF-8"?>
<!-- Generated by org.testng.reporters.JUnitReportReporter -->
<testsuite hostname="DESKTOP-GKD2DOT" failures="0" tests="2" name="YarnTenantPortal.AutomationTestCases.requestSubmission" time="105.764" errors="0" timestamp="2024-11-08T11:04:54 EET" skipped="0">
  <testcase classname="YarnTenantPortal.AutomationTestCases.requestSubmission" name="chooseSubscriptions" time="20.879"/>
  <testcase classname="YarnTenantPortal.AutomationTestCases.requestSubmission" name="chooseServiceToSubmitRequest" time="84.885"/>
</testsuite> <!-- YarnTenantPortal.AutomationTestCases.requestSubmission -->
