<?xml version="1.0" encoding="UTF-8"?>
<!-- Generated by org.testng.reporters.JUnitReportReporter -->
<testsuite hostname="DESKTOP-GKD2DOT" failures="0" tests="2" name="YarnTenantPortal.AutomationTestCases.subscribeToService" time="38.317" errors="0" timestamp="2024-10-03T14:58:31 EEST" skipped="0">
  <testcase classname="YarnTenantPortal.AutomationTestCases.subscribeToService" name="chooseServicesSearchAndSubscribe" time="24.770"/>
  <testcase classname="YarnTenantPortal.AutomationTestCases.subscribeToService" name="chooseServicesSearch" time="13.547"/>
</testsuite> <!-- YarnTenantPortal.AutomationTestCases.subscribeToService -->
