<?xml version="1.0" encoding="UTF-8"?>
<!-- Generated by org.testng.reporters.JUnitReportReporter -->
<testsuite hostname="DESKTOP-GKD2DOT" failures="0" tests="2" name="YarnTenantPortal.AutomationTestCases.subscribeToService" time="41.287" errors="0" timestamp="2024-11-08T10:56:32 EET" skipped="0">
  <testcase classname="YarnTenantPortal.AutomationTestCases.subscribeToService" name="chooseServicesSearch" time="17.419"/>
  <testcase classname="YarnTenantPortal.AutomationTestCases.subscribeToService" name="chooseServicesSearchAndSubscribe" time="23.868"/>
</testsuite> <!-- YarnTenantPortal.AutomationTestCases.subscribeToService -->
