<?xml version="1.0" encoding="UTF-8"?>
<!-- Generated by org.testng.reporters.JUnitReportReporter -->
<testsuite hostname="DESKTOP-GKD2DOT" failures="0" tests="4" name="YarnTenantPortal.AutomationTestCases.submitRequest" time="83.499" errors="0" timestamp="2024-09-24T15:13:25 EEST" skipped="0">
  <testcase classname="YarnTenantPortal.AutomationTestCases.submitRequest" name="testOpenTenantPortal" time="0.232"/>
  <testcase classname="YarnTenantPortal.AutomationTestCases.submitRequest" name="enterCorrectCredentials" time="11.748"/>
  <testcase classname="YarnTenantPortal.AutomationTestCases.submitRequest" name="checkNewRequestAdded" time="6.089"/>
  <testcase classname="YarnTenantPortal.AutomationTestCases.submitRequest" name="chooseServicesSearchAndSubmitRequest" time="65.430"/>
</testsuite> <!-- YarnTenantPortal.AutomationTestCases.submitRequest -->
