<?xml version="1.0" encoding="UTF-8"?>
<!-- Generated by org.testng.reporters.JUnitReportReporter -->
<testsuite hostname="DESKTOP-GKD2DOT" failures="0" tests="3" name="YarnTenantPortal.AutomationTestCases.editPassword" time="69.535" errors="0" timestamp="2024-11-09T10:29:44 EET" skipped="0">
  <testcase classname="YarnTenantPortal.AutomationTestCases.editPassword" name="editProfilePassword" time="34.332"/>
  <testcase classname="YarnTenantPortal.AutomationTestCases.editPassword" name="editProfileUsername" time="14.882"/>
  <testcase classname="YarnTenantPortal.AutomationTestCases.editPassword" name="loginWithNewPassword" time="20.321"/>
</testsuite> <!-- YarnTenantPortal.AutomationTestCases.editPassword -->
