<?xml version="1.0" encoding="UTF-8"?>
<!-- Generated by org.testng.reporters.JUnitReportReporter -->
<testsuite hostname="DESKTOP-GKD2DOT" failures="0" tests="2" name="YarnTenantPortal.AutomationTestCases.submitRequest" time="97.749" errors="0" timestamp="2024-11-08T10:47:16 EET" skipped="0">
  <testcase classname="YarnTenantPortal.AutomationTestCases.submitRequest" name="checkNewRequestAdded" time="12.259"/>
  <testcase classname="YarnTenantPortal.AutomationTestCases.submitRequest" name="chooseServicesSearchAndSubmitRequest" time="85.490"/>
</testsuite> <!-- YarnTenantPortal.AutomationTestCases.submitRequest -->
