<?xml version="1.0" encoding="UTF-8"?>
<!-- Generated by org.testng.reporters.JUnitReportReporter -->
<testsuite hostname="DESKTOP-GKD2DOT" failures="0" tests="10" name="YarnTenantPortal.AutomationTestCases.loginAndNavigation" time="0.877" errors="0" timestamp="2024-11-08T10:41:23 EET" skipped="0">
  <testcase classname="YarnTenantPortal.AutomationTestCases.loginAndNavigation" name="checkMyViolationsPageOpen" time="0.082"/>
  <testcase classname="YarnTenantPortal.AutomationTestCases.loginAndNavigation" name="checkMyPetsPageOpen" time="0.074"/>
  <testcase classname="YarnTenantPortal.AutomationTestCases.loginAndNavigation" name="checkMyInvoicesPageOpen" time="0.087"/>
  <testcase classname="YarnTenantPortal.AutomationTestCases.loginAndNavigation" name="checkMyDependentsPageOpen" time="0.090"/>
  <testcase classname="YarnTenantPortal.AutomationTestCases.loginAndNavigation" name="checkServicesPageOpen" time="0.116"/>
  <testcase classname="YarnTenantPortal.AutomationTestCases.loginAndNavigation" name="checkMyDocumentsPageOpen" time="0.096"/>
  <testcase classname="YarnTenantPortal.AutomationTestCases.loginAndNavigation" name="checkMyRequestsPageOpen" time="0.058"/>
  <testcase classname="YarnTenantPortal.AutomationTestCases.loginAndNavigation" name="checkMyVehiclesPageOpen" time="0.074"/>
  <testcase classname="YarnTenantPortal.AutomationTestCases.loginAndNavigation" name="checkContactUsPage" time="0.120"/>
  <testcase classname="YarnTenantPortal.AutomationTestCases.loginAndNavigation" name="checkMyVisitorsPageOpen" time="0.080"/>
</testsuite> <!-- YarnTenantPortal.AutomationTestCases.loginAndNavigation -->
