<?xml version="1.0" encoding="UTF-8"?>
<!-- Generated by org.testng.reporters.JUnitReportReporter -->
<testsuite hostname="DESKTOP-GKD2DOT" failures="0" tests="3" name="YarnTenantPortal.AutomationTestCases.contactUsTenantPortal" time="29.902" errors="0" timestamp="2024-10-03T16:32:08 EEST" skipped="0">
  <testcase classname="YarnTenantPortal.AutomationTestCases.contactUsTenantPortal" name="enterDataInContactUsForm" time="19.593"/>
  <testcase classname="YarnTenantPortal.AutomationTestCases.contactUsTenantPortal" name="checkContactUsHistory" time="8.279"/>
  <testcase classname="YarnTenantPortal.AutomationTestCases.contactUsTenantPortal" name="testRedirectToContactUsPage" time="2.030"/>
</testsuite> <!-- YarnTenantPortal.AutomationTestCases.contactUsTenantPortal -->
