<?xml version="1.0" encoding="UTF-8"?>
<!-- Generated by org.testng.reporters.JUnitReportReporter -->
<testsuite hostname="DESKTOP-GKD2DOT" failures="0" tests="4" name="YarnTenantPortal.AutomationTestCases.editPassword" time="42.235" errors="0" timestamp="2024-09-14T03:43:48 EEST" skipped="0">
  <testcase classname="YarnTenantPortal.AutomationTestCases.editPassword" name="testOpenTenantPortal" time="0.183"/>
  <testcase classname="YarnTenantPortal.AutomationTestCases.editPassword" name="editProfilePassword" time="23.335"/>
  <testcase classname="YarnTenantPortal.AutomationTestCases.editPassword" name="enterCorrectCredentials" time="6.439"/>
  <testcase classname="YarnTenantPortal.AutomationTestCases.editPassword" name="loginWithNewPassword" time="12.278"/>
</testsuite> <!-- YarnTenantPortal.AutomationTestCases.editPassword -->
