<?xml version="1.0" encoding="UTF-8"?>
<!-- Generated by org.testng.reporters.JUnitReportReporter -->
<testsuite hostname="DESKTOP-GKD2DOT" failures="0" tests="2" name="YarnTenantPortal.AutomationTestCases.requestSubmission" time="85.278" errors="0" timestamp="2024-12-30T18:02:48 EET" skipped="0">
  <testcase classname="YarnTenantPortal.AutomationTestCases.requestSubmission" name="chooseServiceToSubmitRequest" time="64.443"/>
  <testcase classname="YarnTenantPortal.AutomationTestCases.requestSubmission" name="chooseSubscriptions" time="20.835"/>
</testsuite> <!-- YarnTenantPortal.AutomationTestCases.requestSubmission -->
