<?xml version="1.0" encoding="UTF-8"?>
<!-- Generated by org.testng.reporters.JUnitReportReporter -->
<testsuite hostname="DESKTOP-GKD2DOT" failures="0" tests="2" name="YarnTenantPortal.AutomationTestCases.visitorMultipleEntriesGroupOfVisitorsWithVehicleSaudiNonSaudiNewVisitors" time="192.480" errors="0" timestamp="2024-11-10T07:31:06 EET" skipped="0">
  <testcase classname="YarnTenantPortal.AutomationTestCases.visitorMultipleEntriesGroupOfVisitorsWithVehicleSaudiNonSaudiNewVisitors" name="checkDefaultVisitorStatus" time="0.002"/>
  <testcase classname="YarnTenantPortal.AutomationTestCases.visitorMultipleEntriesGroupOfVisitorsWithVehicleSaudiNonSaudiNewVisitors" name="chooseVisitorTabAndAddVisitor" time="192.478"/>
</testsuite> <!-- YarnTenantPortal.AutomationTestCases.visitorMultipleEntriesGroupOfVisitorsWithVehicleSaudiNonSaudiNewVisitors -->
