<?xml version="1.0" encoding="UTF-8"?>
<!-- Generated by org.testng.reporters.JUnitReportReporter -->
<testsuite hostname="DESKTOP-GKD2DOT" failures="0" tests="3" name="YarnTenantPortal.AutomationTestCases.contactUsTenantPortal" time="29.979" errors="0" timestamp="2024-11-30T18:06:33 EET" skipped="0">
  <testcase classname="YarnTenantPortal.AutomationTestCases.contactUsTenantPortal" name="checkContactUsHistory" time="8.118"/>
  <testcase classname="YarnTenantPortal.AutomationTestCases.contactUsTenantPortal" name="enterDataInContactUsForm" time="20.379"/>
  <testcase classname="YarnTenantPortal.AutomationTestCases.contactUsTenantPortal" name="testRedirectToContactUsPage" time="1.482"/>
</testsuite> <!-- YarnTenantPortal.AutomationTestCases.contactUsTenantPortal -->
