<?xml version="1.0" encoding="UTF-8"?>
<!-- Generated by org.testng.reporters.JUnitReportReporter -->
<testsuite hostname="DESKTOP-GKD2DOT" failures="0" tests="3" name="YarnTenantPortal.AutomationTestCases.visitorOneTimeOneVisitorWithVehicleSaudiBlockedVisitor" time="111.013" errors="0" timestamp="2024-11-10T08:41:41 EET" skipped="0">
  <testcase classname="YarnTenantPortal.AutomationTestCases.visitorOneTimeOneVisitorWithVehicleSaudiBlockedVisitor" name="chooseVisitorTabAndAddVisitor" time="110.632"/>
  <testcase classname="YarnTenantPortal.AutomationTestCases.visitorOneTimeOneVisitorWithVehicleSaudiBlockedVisitor" name="checkAlertForMaxNumberOfVisitors" time="0.056"/>
  <testcase classname="YarnTenantPortal.AutomationTestCases.visitorOneTimeOneVisitorWithVehicleSaudiBlockedVisitor" name="checkDefaultVisitorStatus" time="0.325"/>
</testsuite> <!-- YarnTenantPortal.AutomationTestCases.visitorOneTimeOneVisitorWithVehicleSaudiBlockedVisitor -->
