<?xml version="1.0" encoding="UTF-8"?>
<!-- Generated by org.testng.reporters.JUnitReportReporter -->
<testsuite hostname="DESKTOP-GKD2DOT" failures="0" tests="3" name="YarnTenantPortal.AutomationTestCases.visitor" time="90.354" errors="0" timestamp="2024-09-19T10:40:24 EEST" skipped="0">
  <testcase classname="YarnTenantPortal.AutomationTestCases.visitor" name="testOpenTenantPortal" time="7.525"/>
  <testcase classname="YarnTenantPortal.AutomationTestCases.visitor" name="chooseVisitorTabAndAddVisitor" time="61.561"/>
  <testcase classname="YarnTenantPortal.AutomationTestCases.visitor" name="enterCorrectCredentials" time="21.268"/>
</testsuite> <!-- YarnTenantPortal.AutomationTestCases.visitor -->
