<?xml version="1.0" encoding="UTF-8"?>
<!-- Generated by org.testng.reporters.JUnitReportReporter -->
<testsuite hostname="DESKTOP-GKD2DOT" failures="0" tests="3" name="YarnTenantPortal.AutomationTestCases.editPassword" time="65.233" errors="0" timestamp="2024-12-30T17:39:40 EET" skipped="0">
  <testcase classname="YarnTenantPortal.AutomationTestCases.editPassword" name="editProfilePassword" time="31.893"/>
  <testcase classname="YarnTenantPortal.AutomationTestCases.editPassword" name="editProfileUsername" time="15.056"/>
  <testcase classname="YarnTenantPortal.AutomationTestCases.editPassword" name="loginWithNewPassword" time="18.284"/>
</testsuite> <!-- YarnTenantPortal.AutomationTestCases.editPassword -->
