<?xml version="1.0" encoding="UTF-8"?>
<!-- Generated by org.testng.reporters.JUnitReportReporter -->
<testsuite hostname="DESKTOP-GKD2DOT" failures="0" tests="2" name="YarnTenantPortal.AutomationTestCases.submitRequest" time="113.569" errors="0" timestamp="2024-11-30T17:57:41 EET" skipped="0">
  <testcase classname="YarnTenantPortal.AutomationTestCases.submitRequest" name="chooseServicesSearchAndSubmitRequest" time="100.965"/>
  <testcase classname="YarnTenantPortal.AutomationTestCases.submitRequest" name="checkNewRequestAdded" time="12.604"/>
</testsuite> <!-- YarnTenantPortal.AutomationTestCases.submitRequest -->
