<?xml version="1.0" encoding="UTF-8"?>
<!-- Generated by org.testng.reporters.JUnitReportReporter -->
<testsuite hostname="DESKTOP-GKD2DOT" failures="0" tests="4" name="YarnTenantPortal.AutomationTestCases.subscribeToService" time="45.895" errors="0" timestamp="2024-09-19T13:15:26 EEST" skipped="0">
  <testcase classname="YarnTenantPortal.AutomationTestCases.subscribeToService" name="testOpenTenantPortal" time="1.258"/>
  <testcase classname="YarnTenantPortal.AutomationTestCases.subscribeToService" name="chooseServicesSearch" time="13.640"/>
  <testcase classname="YarnTenantPortal.AutomationTestCases.subscribeToService" name="enterCorrectCredentials" time="6.844"/>
  <testcase classname="YarnTenantPortal.AutomationTestCases.subscribeToService" name="chooseServicesSearchAndSubscribe" time="24.153"/>
</testsuite> <!-- YarnTenantPortal.AutomationTestCases.subscribeToService -->
