<?xml version="1.0" encoding="UTF-8"?>
<!-- Generated by org.testng.reporters.JUnitReportReporter -->
<testsuite hostname="DESKTOP-GKD2DOT" failures="0" tests="2" name="YarnTenantPortal.AutomationTestCases.visitorMultipleEntriesGroupOfVisitorsWithVehicleSaudiNonSaudiNewVisitors" time="83.134" errors="0" timestamp="2025-01-01T08:45:58 EET" skipped="0">
  <testcase classname="YarnTenantPortal.AutomationTestCases.visitorMultipleEntriesGroupOfVisitorsWithVehicleSaudiNonSaudiNewVisitors" name="checkDefaultVisitorStatus" time="0.001"/>
  <testcase classname="YarnTenantPortal.AutomationTestCases.visitorMultipleEntriesGroupOfVisitorsWithVehicleSaudiNonSaudiNewVisitors" name="chooseVisitorTabAndAddVisitor" time="83.133"/>
</testsuite> <!-- YarnTenantPortal.AutomationTestCases.visitorMultipleEntriesGroupOfVisitorsWithVehicleSaudiNonSaudiNewVisitors -->
