<?xml version="1.0" encoding="UTF-8"?>
<!-- Generated by org.testng.reporters.JUnitReportReporter -->
<testsuite hostname="DESKTOP-GKD2DOT" failures="0" tests="6" name="YarnTenantPortal.AutomationTestCases.forgotPassword" time="0.001" errors="0" timestamp="2024-08-20T08:49:40 EEST" skipped="6">
  <testcase classname="YarnTenantPortal.AutomationTestCases.forgotPassword" name="testRedirectToFogrotPasswordPage" time="0.000">
    <skipped/>
  </testcase> <!-- testRedirectToFogrotPasswordPage -->
  <testcase classname="YarnTenantPortal.AutomationTestCases.forgotPassword" name="testEnterInvalidEmailFormat" time="0.001">
    <skipped/>
  </testcase> <!-- testEnterInvalidEmailFormat -->
  <testcase classname="YarnTenantPortal.AutomationTestCases.forgotPassword" name="testEnterCorrectEmail" time="0.000">
    <skipped/>
  </testcase> <!-- testEnterCorrectEmail -->
  <testcase classname="YarnTenantPortal.AutomationTestCases.forgotPassword" name="testOpenTenantPortal" time="0.000">
    <skipped/>
  </testcase> <!-- testOpenTenantPortal -->
  <testcase classname="YarnTenantPortal.AutomationTestCases.forgotPassword" name="testEnterEmptyEmail" time="0.000">
    <skipped/>
  </testcase> <!-- testEnterEmptyEmail -->
  <testcase classname="YarnTenantPortal.AutomationTestCases.forgotPassword" name="testEnterNonExistentEmail" time="0.000">
    <skipped/>
  </testcase> <!-- testEnterNonExistentEmail -->
</testsuite> <!-- YarnTenantPortal.AutomationTestCases.forgotPassword -->
