<?xml version="1.0" encoding="UTF-8"?>
<!-- Generated by org.testng.reporters.JUnitReportReporter -->
<testsuite hostname="DESKTOP-GKD2DOT" failures="0" tests="2" name="YarnTenantPortal.AutomationTestCases.requestSubmission" time="23.244" errors="0" timestamp="2024-09-19T13:06:13 EEST" skipped="0">
  <testcase classname="YarnTenantPortal.AutomationTestCases.requestSubmission" name="requestSubmit" time="20.282"/>
  <testcase classname="YarnTenantPortal.AutomationTestCases.requestSubmission" name="testOpenTenantPortal" time="2.962"/>
</testsuite> <!-- YarnTenantPortal.AutomationTestCases.requestSubmission -->
