<?xml version="1.0" encoding="UTF-8"?>
<!-- Generated by org.testng.reporters.JUnitReportReporter -->
<testsuite hostname="DESKTOP-GKD2DOT" failures="0" tests="1" name="YarnTenantPortal.AutomationTestCases.editTenantProfileInformation" time="14.727" errors="0" timestamp="2024-12-02T16:43:13 EET" skipped="0">
  <testcase classname="YarnTenantPortal.AutomationTestCases.editTenantProfileInformation" name="editProfile" time="14.727"/>
</testsuite> <!-- YarnTenantPortal.AutomationTestCases.editTenantProfileInformation -->
