<?xml version="1.0" encoding="UTF-8"?>
<!-- Generated by org.testng.reporters.JUnitReportReporter -->
<testsuite hostname="DESKTOP-GKD2DOT" failures="0" tests="3" name="YarnTenantPortal.AutomationTestCases.editTenantProfileInformation" time="23.064" errors="0" timestamp="2024-09-14T03:58:07 EEST" skipped="0">
  <testcase classname="YarnTenantPortal.AutomationTestCases.editTenantProfileInformation" name="testOpenTenantPortal" time="1.055"/>
  <testcase classname="YarnTenantPortal.AutomationTestCases.editTenantProfileInformation" name="enterCorrectCredentials" time="5.629"/>
  <testcase classname="YarnTenantPortal.AutomationTestCases.editTenantProfileInformation" name="editProfile" time="16.380"/>
</testsuite> <!-- YarnTenantPortal.AutomationTestCases.editTenantProfileInformation -->
