<?xml version="1.0" encoding="UTF-8"?>
<!-- Generated by org.testng.reporters.JUnitReportReporter -->
<testsuite hostname="DESKTOP-GKD2DOT" failures="0" tests="4" name="YarnTenantPortal.AutomationTestCases.editPassword" time="45.761" errors="0" timestamp="2024-09-24T15:17:24 EEST" skipped="0">
  <testcase classname="YarnTenantPortal.AutomationTestCases.editPassword" name="testOpenTenantPortal" time="0.237"/>
  <testcase classname="YarnTenantPortal.AutomationTestCases.editPassword" name="editProfilePassword" time="28.719"/>
  <testcase classname="YarnTenantPortal.AutomationTestCases.editPassword" name="enterCorrectCredentials" time="4.319"/>
  <testcase classname="YarnTenantPortal.AutomationTestCases.editPassword" name="loginWithNewPassword" time="12.486"/>
</testsuite> <!-- YarnTenantPortal.AutomationTestCases.editPassword -->
