<?xml version="1.0" encoding="UTF-8"?>
<!-- Generated by org.testng.reporters.JUnitReportReporter -->
<testsuite hostname="DESKTOP-GKD2DOT" failures="0" tests="2" name="YarnTenantPortal.AutomationTestCases.visitorMultipleEntriesOneVisitorWithoutVehicleExistingValidVisitorResubmit" time="105.394" errors="0" timestamp="2024-12-02T23:08:29 EET" skipped="0">
  <testcase classname="YarnTenantPortal.AutomationTestCases.visitorMultipleEntriesOneVisitorWithoutVehicleExistingValidVisitorResubmit" name="chooseVisitorTabAndAddVisitor" time="105.362"/>
  <testcase classname="YarnTenantPortal.AutomationTestCases.visitorMultipleEntriesOneVisitorWithoutVehicleExistingValidVisitorResubmit" name="checkAlertForMaxNumberOfVisitors" time="0.032"/>
</testsuite> <!-- YarnTenantPortal.AutomationTestCases.visitorMultipleEntriesOneVisitorWithoutVehicleExistingValidVisitorResubmit -->
