<?xml version="1.0" encoding="UTF-8"?>
<!-- Generated by org.testng.reporters.JUnitReportReporter -->
<testsuite hostname="DESKTOP-GKD2DOT" failures="0" tests="2" name="YarnTenantPortal.AutomationTestCases.contactUsWithAttachment" time="7.021" errors="0" timestamp="2024-09-14T03:49:45 EEST" skipped="0">
  <testcase classname="YarnTenantPortal.AutomationTestCases.contactUsWithAttachment" name="enterCorrectCredentials" time="6.531"/>
  <testcase classname="YarnTenantPortal.AutomationTestCases.contactUsWithAttachment" name="testOpenTenantPortal" time="0.490"/>
</testsuite> <!-- YarnTenantPortal.AutomationTestCases.contactUsWithAttachment -->
