<?xml version="1.0" encoding="UTF-8"?>
<!-- Generated by org.testng.reporters.JUnitReportReporter -->
<testsuite hostname="DESKTOP-GKD2DOT" failures="0" tests="3" name="YarnTenantPortal.AutomationTestCases.visitorOneTimeOneVisitorWithoutVehicleNewVisitor" time="100.011" errors="0" timestamp="2024-11-09T21:58:02 EET" skipped="0">
  <testcase classname="YarnTenantPortal.AutomationTestCases.visitorOneTimeOneVisitorWithoutVehicleNewVisitor" name="chooseVisitorTabAndAddVisitor" time="99.519"/>
  <testcase classname="YarnTenantPortal.AutomationTestCases.visitorOneTimeOneVisitorWithoutVehicleNewVisitor" name="checkAlertForMaxNumberOfVisitors" time="0.040"/>
  <testcase classname="YarnTenantPortal.AutomationTestCases.visitorOneTimeOneVisitorWithoutVehicleNewVisitor" name="checkDefaultVisitorStatus" time="0.452"/>
</testsuite> <!-- YarnTenantPortal.AutomationTestCases.visitorOneTimeOneVisitorWithoutVehicleNewVisitor -->
