<?xml version="1.0" encoding="UTF-8"?>
<!-- Generated by org.testng.reporters.JUnitReportReporter -->
<testsuite hostname="DESKTOP-GKD2DOT" failures="0" tests="10" name="YarnTenantPortal.AutomationTestCases.loginAndNavigation" time="2.845" errors="0" timestamp="2024-10-05T03:34:44 EEST" skipped="0">
  <testcase classname="YarnTenantPortal.AutomationTestCases.loginAndNavigation" name="checkMyViolationsPageOpen" time="0.286"/>
  <testcase classname="YarnTenantPortal.AutomationTestCases.loginAndNavigation" name="checkMyVehiclesPageOpen" time="0.296"/>
  <testcase classname="YarnTenantPortal.AutomationTestCases.loginAndNavigation" name="checkMyInvoicesPageOpen" time="0.280"/>
  <testcase classname="YarnTenantPortal.AutomationTestCases.loginAndNavigation" name="checkMyDependentsPageOpen" time="0.290"/>
  <testcase classname="YarnTenantPortal.AutomationTestCases.loginAndNavigation" name="checkServicesPageOpen" time="0.259"/>
  <testcase classname="YarnTenantPortal.AutomationTestCases.loginAndNavigation" name="checkMyDocumentsPageOpen" time="0.276"/>
  <testcase classname="YarnTenantPortal.AutomationTestCases.loginAndNavigation" name="checkMyVisitorsPageOpen" time="0.272"/>
  <testcase classname="YarnTenantPortal.AutomationTestCases.loginAndNavigation" name="checkMyPetsPageOpen" time="0.287"/>
  <testcase classname="YarnTenantPortal.AutomationTestCases.loginAndNavigation" name="checkContactUsPage" time="0.323"/>
  <testcase classname="YarnTenantPortal.AutomationTestCases.loginAndNavigation" name="checkMyRequestsPageOpen" time="0.276"/>
</testsuite> <!-- YarnTenantPortal.AutomationTestCases.loginAndNavigation -->
