<?xml version="1.0" encoding="UTF-8"?>
<!-- Generated by org.testng.reporters.JUnitReportReporter -->
<testsuite hostname="DESKTOP-GKD2DOT" failures="0" tests="12" name="YarnTenantPortal.AutomationTestCases.regressionOne" time="7.996" errors="0" timestamp="2024-09-08T09:54:08 EEST" skipped="0">
  <testcase classname="YarnTenantPortal.AutomationTestCases.regressionOne" name="enterCorrectCredentials" time="5.988"/>
  <testcase classname="YarnTenantPortal.AutomationTestCases.regressionOne" name="checkMyInvoicesPageOpen" time="0.044"/>
  <testcase classname="YarnTenantPortal.AutomationTestCases.regressionOne" name="checkMyViolationsPageOpen" time="0.070"/>
  <testcase classname="YarnTenantPortal.AutomationTestCases.regressionOne" name="checkMyRequestsPageOpen" time="0.070"/>
  <testcase classname="YarnTenantPortal.AutomationTestCases.regressionOne" name="checkMyPetsPageOpen" time="0.064"/>
  <testcase classname="YarnTenantPortal.AutomationTestCases.regressionOne" name="checkServicesPageOpen" time="0.071"/>
  <testcase classname="YarnTenantPortal.AutomationTestCases.regressionOne" name="checkMyDependentsPageOpen" time="0.066"/>
  <testcase classname="YarnTenantPortal.AutomationTestCases.regressionOne" name="checkMyDocumentsPageOpen" time="0.070"/>
  <testcase classname="YarnTenantPortal.AutomationTestCases.regressionOne" name="checkContactUsPage" time="0.064"/>
  <testcase classname="YarnTenantPortal.AutomationTestCases.regressionOne" name="testOpenTenantPortal" time="1.369"/>
  <testcase classname="YarnTenantPortal.AutomationTestCases.regressionOne" name="checkMyVisitorsPageOpen" time="0.056"/>
  <testcase classname="YarnTenantPortal.AutomationTestCases.regressionOne" name="checkMyVehiclesPageOpen" time="0.064"/>
</testsuite> <!-- YarnTenantPortal.AutomationTestCases.regressionOne -->
