<?xml version="1.0" encoding="UTF-8"?>
<!-- Generated by org.testng.reporters.JUnitReportReporter -->
<testsuite hostname="DESKTOP-GKD2DOT" failures="0" tests="3" name="YarnTenantPortal.AutomationTestCases.editTenantProfileInformation" time="24.738" errors="0" timestamp="2024-09-24T15:15:47 EEST" skipped="0">
  <testcase classname="YarnTenantPortal.AutomationTestCases.editTenantProfileInformation" name="enterCorrectCredentials" time="7.862"/>
  <testcase classname="YarnTenantPortal.AutomationTestCases.editTenantProfileInformation" name="editProfile" time="16.633"/>
  <testcase classname="YarnTenantPortal.AutomationTestCases.editTenantProfileInformation" name="testOpenTenantPortal" time="0.243"/>
</testsuite> <!-- YarnTenantPortal.AutomationTestCases.editTenantProfileInformation -->
